== application started at Oct 19 2017 14:27:51
PSFClient 0.6.2 rev 0 (devel) built on Jul  8 2013 for arch x86
ERROR: Failed to load script 'init.lua': LUA ERROR:
/init.lua:31: attempt to call field 'loadSettings' (a nil value)
stack traceback:
	[C]: in function 'loadSettings'
	/init.lua:31: in main chunk
FATAL ERROR: Unable to run script init.lua!
== application started at Oct 19 2017 14:27:54
PSFClient 0.6.2 rev 0 (devel) built on Jul  8 2013 for arch x86
ERROR: Failed to load script 'init.lua': LUA ERROR:
/init.lua:31: attempt to call field 'loadSettings' (a nil value)
stack traceback:
	[C]: in function 'loadSettings'
	/init.lua:31: in main chunk
FATAL ERROR: Unable to run script init.lua!
== application started at Oct 19 2017 14:30:37
PSFClient 0.6.2 rev 0 (devel) built on Jul  8 2013 for arch x86
ERROR: Failed to load script 'init.lua': LUA ERROR:
/init.lua:31: attempt to call field 'loadSettings' (a nil value)
stack traceback:
	[C]: in function 'loadSettings'
	/init.lua:31: in main chunk
FATAL ERROR: Unable to run script init.lua!
== application started at Oct 19 2017 14:30:52
PSFClient 0.6.2 rev 0 (devel) built on Jul  8 2013 for arch x86
ERROR: Failed to load script 'init.lua': LUA ERROR:
/init.lua:31: attempt to call field 'loadSettings' (a nil value)
stack traceback:
	[C]: in function 'loadSettings'
	/init.lua:31: in main chunk
FATAL ERROR: Unable to run script init.lua!
== application started at Oct 19 2017 14:30:58
PSFClient 0.6.2 rev 0 (devel) built on Jul  8 2013 for arch x86
ERROR: Failed to load script 'init.lua': LUA ERROR:
/init.lua:31: attempt to call field 'loadSettings' (a nil value)
stack traceback:
	[C]: in function 'loadSettings'
	/init.lua:31: in main chunk
FATAL ERROR: Unable to run script init.lua!
== application started at Dec 29 2018 21:27:26
PSFClient 0.6.2 rev 0 (devel) built on Jul  8 2013 for arch x86
ERROR: Failed to load script 'init.lua': LUA ERROR:
/init.lua:31: attempt to call field 'loadSettings' (a nil value)
stack traceback:
	[C]: in function 'loadSettings'
	/init.lua:31: in main chunk
FATAL ERROR: Unable to run script init.lua!
== application started at Dec 29 2018 21:27:32
PSFClient 0.6.2 rev 0 (devel) built on Jul  8 2013 for arch x86
ERROR: Failed to load script 'init.lua': LUA ERROR:
/init.lua:31: attempt to call field 'loadSettings' (a nil value)
stack traceback:
	[C]: in function 'loadSettings'
	/init.lua:31: in main chunk
FATAL ERROR: Unable to run script init.lua!
== application started at Dec 29 2018 21:28:34
PSFClient 0.6.2 rev 0 (devel) built on Jul  8 2013 for arch x86
ERROR: Unable to load module 'corelib': LUA ERROR:
/corelib/config.lua:23: attempt to index global 'Config' (a nil value)
stack traceback:
	[C]: ?
	/corelib/config.lua:23: in main chunk
	[C]: in function 'dofile'
	/corelib/corelib.otmod:8:[@onLoad]:9: in main chunk
	[C]: in function 'ensureModuleLoaded'
	/init.lua:37: in main chunk
FATAL ERROR: Unable to load 'corelib' module
== application started at Dec 29 2018 21:28:39
PSFClient 0.6.2 rev 0 (devel) built on Jul  8 2013 for arch x86
ERROR: Unable to load module 'corelib': LUA ERROR:
/corelib/config.lua:23: attempt to index global 'Config' (a nil value)
stack traceback:
	[C]: ?
	/corelib/config.lua:23: in main chunk
	[C]: in function 'dofile'
	/corelib/corelib.otmod:8:[@onLoad]:9: in main chunk
	[C]: in function 'ensureModuleLoaded'
	/init.lua:37: in main chunk
FATAL ERROR: Unable to load 'corelib' module
